<?xml version="1.0" encoding="UTF-8"?>
<testsuite xmlns:xsi="http://www.w3.org/2001/XMLSchema-instance" xsi:noNamespaceSchemaLocation="https://maven.apache.org/surefire/maven-surefire-plugin/xsd/surefire-test-report.xsd" name="runner.TestRunner" time="40.087" tests="25" errors="2" skipped="15" failures="0">
  <properties>
[...]
</properties>
  <testcase name="Given User should be on login screen" classname="| imrans | 360logica | TestProduct |" time="0.011">
    <error message="Failed to decode response from marionette&#10;Build info: version: &apos;3.4.0&apos;, revision: &apos;unknown&apos;, time: &apos;unknown&apos;&#10;System info: host: &apos;DESKTOP-SLJLP92&apos;, ip: &apos;10.2.243.11&apos;, os.name: &apos;Windows 10&apos;, os.arch: &apos;amd64&apos;, os.version: &apos;10.0&apos;, java.version: &apos;1.8.0_121&apos;&#10;Driver info: org.openqa.selenium.firefox.FirefoxDriver&#10;Capabilities [{moz:profile=C:\Users\IMRAN\AppData\Local\Temp\rust_mozprofile.j2uODhwJDHOl, rotatable=false, timeouts={implicit=0.0, pageLoad=300000.0, script=30000.0}, pageLoadStrategy=normal, platform=ANY, specificationLevel=0.0, moz:accessibilityChecks=false, acceptInsecureCerts=false, browserVersion=53.0, platformVersion=10.0, moz:processID=2004.0, browserName=firefox, javascriptEnabled=true, platformName=windows_nt}]&#10;Session ID: 82ededfd-cb8d-4e38-81e1-a9bc482d6ee4" type="org.openqa.selenium.WebDriverException">org.openqa.selenium.WebDriverException: 
Failed to decode response from marionette
Build info: version: '3.4.0', revision: 'unknown', time: 'unknown'
System info: host: 'DESKTOP-SLJLP92', ip: '10.2.243.11', os.name: 'Windows 10', os.arch: 'amd64', os.version: '10.0', java.version: '1.8.0_121'
Driver info: org.openqa.selenium.firefox.FirefoxDriver
Capabilities [{moz:profile=C:\Users\IMRAN\AppData\Local\Temp\rust_mozprofile.j2uODhwJDHOl, rotatable=false, timeouts={implicit=0.0, pageLoad=300000.0, script=30000.0}, pageLoadStrategy=normal, platform=ANY, specificationLevel=0.0, moz:accessibilityChecks=false, acceptInsecureCerts=false, browserVersion=53.0, platformVersion=10.0, moz:processID=2004.0, browserName=firefox, javascriptEnabled=true, platformName=windows_nt}]
Session ID: 82ededfd-cb8d-4e38-81e1-a9bc482d6ee4
</error>
    <system-err><![CDATA[1520883181563	geckodriver	INFO	geckodriver 0.18.0
1520883181578	geckodriver	INFO	Listening on 127.0.0.1:28015
1520883182379	geckodriver::marionette	INFO	Starting browser C:\Program Files\Mozilla Firefox\firefox.exe with args ["-marionette"]
1520883186312	Marionette	INFO	Listening on port 54370
[GPU 196] WARNING: pipe error: 109: file c:/builds/moz2_slave/m-rel-w64-00000000000000000000/build/src/ipc/chromium/src/chrome/common/ipc_channel_win.cc, line 346
Mar 13, 2018 1:03:06 AM org.openqa.selenium.remote.ProtocolHandshake createSession
INFO: Detected dialect: W3C
JavaScript error: resource://gre/components/nsUrlClassifierListManager.js, line 536: TypeError: this.tablesData[table] is undefined
]]></system-err>
  </testcase>
  <testcase name="Given User should be on login screen" classname="| imrans | 360logica | TestProduct |" time="0"/>
  <testcase name="| imrans | 360logica | TestProduct |" classname="| imrans | 360logica | TestProduct |" time="0.013">
    <error message="Failed to decode response from marionette&#10;Build info: version: &apos;3.4.0&apos;, revision: &apos;unknown&apos;, time: &apos;unknown&apos;&#10;System info: host: &apos;DESKTOP-SLJLP92&apos;, ip: &apos;10.2.243.11&apos;, os.name: &apos;Windows 10&apos;, os.arch: &apos;amd64&apos;, os.version: &apos;10.0&apos;, java.version: &apos;1.8.0_121&apos;&#10;Driver info: org.openqa.selenium.firefox.FirefoxDriver&#10;Capabilities [{moz:profile=C:\Users\IMRAN\AppData\Local\Temp\rust_mozprofile.j2uODhwJDHOl, rotatable=false, timeouts={implicit=0.0, pageLoad=300000.0, script=30000.0}, pageLoadStrategy=normal, platform=ANY, specificationLevel=0.0, moz:accessibilityChecks=false, acceptInsecureCerts=false, browserVersion=53.0, platformVersion=10.0, moz:processID=2004.0, browserName=firefox, javascriptEnabled=true, platformName=windows_nt}]&#10;Session ID: 82ededfd-cb8d-4e38-81e1-a9bc482d6ee4" type="org.openqa.selenium.WebDriverException">org.openqa.selenium.WebDriverException: 
Failed to decode response from marionette
Build info: version: '3.4.0', revision: 'unknown', time: 'unknown'
System info: host: 'DESKTOP-SLJLP92', ip: '10.2.243.11', os.name: 'Windows 10', os.arch: 'amd64', os.version: '10.0', java.version: '1.8.0_121'
Driver info: org.openqa.selenium.firefox.FirefoxDriver
Capabilities [{moz:profile=C:\Users\IMRAN\AppData\Local\Temp\rust_mozprofile.j2uODhwJDHOl, rotatable=false, timeouts={implicit=0.0, pageLoad=300000.0, script=30000.0}, pageLoadStrategy=normal, platform=ANY, specificationLevel=0.0, moz:accessibilityChecks=false, acceptInsecureCerts=false, browserVersion=53.0, platformVersion=10.0, moz:processID=2004.0, browserName=firefox, javascriptEnabled=true, platformName=windows_nt}]
Session ID: 82ededfd-cb8d-4e38-81e1-a9bc482d6ee4
</error>
  </testcase>
  <testcase name="| imrans | 360logica | TestProduct |" classname="| imrans | 360logica | TestProduct |" time="0.001"/>
  <testcase name="When Login into application &quot;imrans&quot; and &quot;360logica&quot;" classname="| imrans | 360logica | TestProduct |" time="0">
    <skipped/>
  </testcase>
  <testcase name="When Login into application &quot;imrans&quot; and &quot;360logica&quot;" classname="| imrans | 360logica | TestProduct |" time="0"/>
  <testcase name="Then Verify that user on home screen" classname="| imrans | 360logica | TestProduct |" time="0">
    <skipped/>
  </testcase>
  <testcase name="Then Verify that user on home screen" classname="| imrans | 360logica | TestProduct |" time="0"/>
  <testcase name="Then Click on product" classname="| imrans | 360logica | TestProduct |" time="0">
    <skipped/>
  </testcase>
  <testcase name="Then Click on product" classname="| imrans | 360logica | TestProduct |" time="0"/>
  <testcase name="Then Click on New Product button" classname="| imrans | 360logica | TestProduct |" time="0">
    <skipped/>
  </testcase>
  <testcase name="Then Enter &quot;TestProduct&quot; product name" classname="| imrans | 360logica | TestProduct |" time="0">
    <skipped/>
  </testcase>
  <testcase name="Then Enter cost" classname="| imrans | 360logica | TestProduct |" time="0">
    <skipped/>
  </testcase>
  <testcase name="Then Enter retail value" classname="| imrans | 360logica | TestProduct |" time="0">
    <skipped/>
  </testcase>
  <testcase name="Then Enter wholesale price" classname="| imrans | 360logica | TestProduct |" time="0">
    <skipped/>
  </testcase>
  <testcase name="Then enter description" classname="| imrans | 360logica | TestProduct |" time="0">
    <skipped/>
  </testcase>
  <testcase name="Then click on save button" classname="| imrans | 360logica | TestProduct |" time="0">
    <skipped/>
  </testcase>
  <testcase name="Then verify that product is created" classname="| imrans | 360logica | TestProduct |" time="0">
    <skipped/>
  </testcase>
  <testcase name="Then logout from application" classname="| imrans | 360logica | TestProduct |" time="0">
    <skipped/>
  </testcase>
  <testcase name="Then Close the browser" classname="| imrans | 360logica | TestProduct |" time="0">
    <skipped/>
  </testcase>
  <testcase name="Then Close the browser" classname="| imrans | 360logica | TestProduct |" time="0"/>
  <testcase name="Then Delete the &quot;TestProduct&quot; product" classname="| imrans | 360logica | TestProduct |" time="0"/>
  <testcase name="Given Test Scenario T_Six" classname="Scenario: T6" time="0">
    <skipped/>
  </testcase>
  <testcase name="Scenario: T6" classname="Scenario: T6" time="0">
    <skipped/>
  </testcase>
  <testcase name="Scenario: T6" classname="Scenario: T6" time="0.023"/>
</testsuite>