<?xml version="1.0" encoding="UTF-8"?>
<testsuite xmlns:xsi="http://www.w3.org/2001/XMLSchema-instance" xsi:noNamespaceSchemaLocation="https://maven.apache.org/surefire/maven-surefire-plugin/xsd/surefire-test-report.xsd" name="runner.TestRunner" time="24.498" tests="16" errors="4" skipped="7" failures="0">
  <properties>
[...]
</properties>
  <testcase name="Given User should be on login screen" classname="Scenario: Create CRM product" time="0.003"/>
  <testcase name="When Login into application" classname="Scenario: Create CRM product" time="0"/>
  <testcase name="Then Verify that user on home screen" classname="Scenario: Create CRM product" time="0"/>
  <testcase name="Then Click on product" classname="Scenario: Create CRM product" time="0"/>
  <testcase name="Then Click on New Product button" classname="Scenario: Create CRM product" time="0.001"/>
  <testcase name="Then Enter product name" classname="Scenario: Create CRM product" time="0.01">
    <error message="Failed to decode response from marionette&#10;Build info: version: &apos;3.4.0&apos;, revision: &apos;unknown&apos;, time: &apos;unknown&apos;&#10;System info: host: &apos;DESKTOP-SLJLP92&apos;, ip: &apos;10.2.239.69&apos;, os.name: &apos;Windows 10&apos;, os.arch: &apos;amd64&apos;, os.version: &apos;10.0&apos;, java.version: &apos;1.8.0_121&apos;&#10;Driver info: org.openqa.selenium.firefox.FirefoxDriver&#10;Capabilities [{moz:profile=C:\Users\IMRAN\AppData\Local\Temp\rust_mozprofile.BvTuJs0dQCIQ, rotatable=false, timeouts={implicit=0.0, pageLoad=300000.0, script=30000.0}, pageLoadStrategy=normal, platform=ANY, specificationLevel=0.0, moz:accessibilityChecks=false, acceptInsecureCerts=false, browserVersion=53.0, platformVersion=10.0, moz:processID=6580.0, browserName=firefox, javascriptEnabled=true, platformName=windows_nt}]&#10;Session ID: 324c7926-aaf6-49ed-8f96-2d0f6a8f182e&#10;*** Element info: {Using=xpath, value=//input[@name=&apos;name&apos;]}" type="org.openqa.selenium.WebDriverException">org.openqa.selenium.WebDriverException: 
Failed to decode response from marionette
Build info: version: '3.4.0', revision: 'unknown', time: 'unknown'
System info: host: 'DESKTOP-SLJLP92', ip: '10.2.239.69', os.name: 'Windows 10', os.arch: 'amd64', os.version: '10.0', java.version: '1.8.0_121'
Driver info: org.openqa.selenium.firefox.FirefoxDriver
Capabilities [{moz:profile=C:\Users\IMRAN\AppData\Local\Temp\rust_mozprofile.BvTuJs0dQCIQ, rotatable=false, timeouts={implicit=0.0, pageLoad=300000.0, script=30000.0}, pageLoadStrategy=normal, platform=ANY, specificationLevel=0.0, moz:accessibilityChecks=false, acceptInsecureCerts=false, browserVersion=53.0, platformVersion=10.0, moz:processID=6580.0, browserName=firefox, javascriptEnabled=true, platformName=windows_nt}]
Session ID: 324c7926-aaf6-49ed-8f96-2d0f6a8f182e
*** Element info: {Using=xpath, value=//input[@name='name']}
</error>
    <system-err><![CDATA[*************************
A coding exception was thrown and uncaught in a Task.

Full message: TypeError: can't access dead object
Full stack: find_@chrome://marionette/content/element.js:290:7
element.find/</findElements<@chrome://marionette/content/element.js:256:17
evalFn@chrome://marionette/content/wait.js:70:7

*************************
*************************
A coding exception was thrown and uncaught in a Task.

Full message: TypeError: can't access dead object
Full stack: find_@chrome://marionette/content/element.js:290:7
element.find/</findElements<@chrome://marionette/content/element.js:256:17
evalFn@chrome://marionette/content/wait.js:70:7

*************************
Marionette threw an error: [Exception... "Component returned failure code: 0x80070057 (NS_ERROR_ILLEGAL_VALUE) [nsIMessageSender.sendAsyncMessage]"  nsresult: "0x80070057 (NS_ERROR_ILLEGAL_VALUE)"  location: "JS frame :: chrome://marionette/content/proxy.js :: sendReply_ :: line 195"  data: no]
sendReply_@chrome://marionette/content/proxy.js:195:5
reply@chrome://marionette/content/proxy.js:175:7
sendToServer@chrome://marionette/content/listener.js:616:3
sendError@chrome://marionette/content/listener.js:650:3
dispatch/</<@chrome://marionette/content/listener.js:379:40
process@resource://gre/modules/Promise.jsm -> resource://gre/modules/Promise-backend.js:920:21
walkerLoop@resource://gre/modules/Promise.jsm -> resource://gre/modules/Promise-backend.js:801:7
scheduleWalkerLoop/<@resource://gre/modules/Promise.jsm -> resource://gre/modules/Promise-backend.js:737:11

JavaScript error: chrome://marionette/content/listener.js, line 1459: TypeError: can't access dead object
[GPU 5984] WARNING: pipe error: 109: file c:/builds/moz2_slave/m-rel-w64-00000000000000000000/build/src/ipc/chromium/src/chrome/common/ipc_channel_win.cc, line 346
]]></system-err>
  </testcase>
  <testcase name="Scenario: Create CRM product" classname="Scenario: Create CRM product" time="0.012">
    <error message="Failed to decode response from marionette&#10;Build info: version: &apos;3.4.0&apos;, revision: &apos;unknown&apos;, time: &apos;unknown&apos;&#10;System info: host: &apos;DESKTOP-SLJLP92&apos;, ip: &apos;10.2.239.69&apos;, os.name: &apos;Windows 10&apos;, os.arch: &apos;amd64&apos;, os.version: &apos;10.0&apos;, java.version: &apos;1.8.0_121&apos;&#10;Driver info: org.openqa.selenium.firefox.FirefoxDriver&#10;Capabilities [{moz:profile=C:\Users\IMRAN\AppData\Local\Temp\rust_mozprofile.BvTuJs0dQCIQ, rotatable=false, timeouts={implicit=0.0, pageLoad=300000.0, script=30000.0}, pageLoadStrategy=normal, platform=ANY, specificationLevel=0.0, moz:accessibilityChecks=false, acceptInsecureCerts=false, browserVersion=53.0, platformVersion=10.0, moz:processID=6580.0, browserName=firefox, javascriptEnabled=true, platformName=windows_nt}]&#10;Session ID: 324c7926-aaf6-49ed-8f96-2d0f6a8f182e&#10;*** Element info: {Using=xpath, value=//input[@name=&apos;name&apos;]}" type="org.openqa.selenium.WebDriverException">org.openqa.selenium.WebDriverException: 
Failed to decode response from marionette
Build info: version: '3.4.0', revision: 'unknown', time: 'unknown'
System info: host: 'DESKTOP-SLJLP92', ip: '10.2.239.69', os.name: 'Windows 10', os.arch: 'amd64', os.version: '10.0', java.version: '1.8.0_121'
Driver info: org.openqa.selenium.firefox.FirefoxDriver
Capabilities [{moz:profile=C:\Users\IMRAN\AppData\Local\Temp\rust_mozprofile.BvTuJs0dQCIQ, rotatable=false, timeouts={implicit=0.0, pageLoad=300000.0, script=30000.0}, pageLoadStrategy=normal, platform=ANY, specificationLevel=0.0, moz:accessibilityChecks=false, acceptInsecureCerts=false, browserVersion=53.0, platformVersion=10.0, moz:processID=6580.0, browserName=firefox, javascriptEnabled=true, platformName=windows_nt}]
Session ID: 324c7926-aaf6-49ed-8f96-2d0f6a8f182e
*** Element info: {Using=xpath, value=//input[@name='name']}
</error>
  </testcase>
  <testcase name="Then Enter cost" classname="Scenario: Create CRM product" time="0">
    <skipped/>
  </testcase>
  <testcase name="Then Enter retail value" classname="Scenario: Create CRM product" time="0">
    <skipped/>
  </testcase>
  <testcase name="Then Enter wholesale price" classname="Scenario: Create CRM product" time="0">
    <skipped/>
  </testcase>
  <testcase name="Then enter description" classname="Scenario: Create CRM product" time="0">
    <skipped/>
  </testcase>
  <testcase name="Then click on save button" classname="Scenario: Create CRM product" time="0">
    <skipped/>
  </testcase>
  <testcase name="Then verify that product is created" classname="Scenario: Create CRM product" time="0">
    <skipped/>
  </testcase>
  <testcase name="Given User should be on product screen" classname="Scenario: Delete CRM product" time="0.001">
    <error type="java.lang.NullPointerException">java.lang.NullPointerException
</error>
  </testcase>
  <testcase name="Scenario: Delete CRM product" classname="Scenario: Delete CRM product" time="0.004">
    <error type="java.lang.NullPointerException">java.lang.NullPointerException
</error>
  </testcase>
  <testcase name="When click on delete button againt created product" classname="Scenario: Delete CRM product" time="0">
    <skipped/>
  </testcase>
</testsuite>